Determining if the pthread_create exist failed with the following output:
Change Dir: /home/adrien/Documents/Projets/Tuto/CMakeFiles/CMakeTmp

Run Build Command:"/usr/bin/make" "cmTC_3fbaf/fast"
/usr/bin/make -f CMakeFiles/cmTC_3fbaf.dir/build.make CMakeFiles/cmTC_3fbaf.dir/build
make[1]: Entering directory '/home/adrien/Documents/Projets/Tuto/CMakeFiles/CMakeTmp'
Building C object CMakeFiles/cmTC_3fbaf.dir/CheckSymbolExists.c.o
/usr/bin/cc     -o CMakeFiles/cmTC_3fbaf.dir/CheckSymbolExists.c.o   -c /home/adrien/Documents/Projets/Tuto/CMakeFiles/CMakeTmp/CheckSymbolExists.c
Linking C executable cmTC_3fbaf
/usr/bin/cmake -E cmake_link_script CMakeFiles/cmTC_3fbaf.dir/link.txt --verbose=1
/usr/bin/cc       CMakeFiles/cmTC_3fbaf.dir/CheckSymbolExists.c.o  -o cmTC_3fbaf -rdynamic 
CMakeFiles/cmTC_3fbaf.dir/CheckSymbolExists.c.o: In function `main':
CheckSymbolExists.c:(.text+0x16): undefined reference to `pthread_create'
collect2: error: ld returned 1 exit status
CMakeFiles/cmTC_3fbaf.dir/build.make:97: recipe for target 'cmTC_3fbaf' failed
make[1]: *** [cmTC_3fbaf] Error 1
make[1]: Leaving directory '/home/adrien/Documents/Projets/Tuto/CMakeFiles/CMakeTmp'
Makefile:126: recipe for target 'cmTC_3fbaf/fast' failed
make: *** [cmTC_3fbaf/fast] Error 2

File /home/adrien/Documents/Projets/Tuto/CMakeFiles/CMakeTmp/CheckSymbolExists.c:
/* */
#include <pthread.h>

int main(int argc, char** argv)
{
  (void)argv;
#ifndef pthread_create
  return ((int*)(&pthread_create))[argc];
#else
  (void)argc;
  return 0;
#endif
}

Determining if the function pthread_create exists in the pthreads failed with the following output:
Change Dir: /home/adrien/Documents/Projets/Tuto/CMakeFiles/CMakeTmp

Run Build Command:"/usr/bin/make" "cmTC_c877b/fast"
/usr/bin/make -f CMakeFiles/cmTC_c877b.dir/build.make CMakeFiles/cmTC_c877b.dir/build
make[1]: Entering directory '/home/adrien/Documents/Projets/Tuto/CMakeFiles/CMakeTmp'
Building C object CMakeFiles/cmTC_c877b.dir/CheckFunctionExists.c.o
/usr/bin/cc    -DCHECK_FUNCTION_EXISTS=pthread_create   -o CMakeFiles/cmTC_c877b.dir/CheckFunctionExists.c.o   -c /usr/share/cmake-3.5/Modules/CheckFunctionExists.c
Linking C executable cmTC_c877b
/usr/bin/cmake -E cmake_link_script CMakeFiles/cmTC_c877b.dir/link.txt --verbose=1
/usr/bin/cc   -DCHECK_FUNCTION_EXISTS=pthread_create    CMakeFiles/cmTC_c877b.dir/CheckFunctionExists.c.o  -o cmTC_c877b -rdynamic -lpthreads 
/usr/bin/ld: cannot find -lpthreads
collect2: error: ld returned 1 exit status
CMakeFiles/cmTC_c877b.dir/build.make:97: recipe for target 'cmTC_c877b' failed
make[1]: *** [cmTC_c877b] Error 1
make[1]: Leaving directory '/home/adrien/Documents/Projets/Tuto/CMakeFiles/CMakeTmp'
Makefile:126: recipe for target 'cmTC_c877b/fast' failed
make: *** [cmTC_c877b/fast] Error 2


